Arguments: 
  /Users/solomon/.nvm/versions/node/v14.17.0/bin/node /usr/local/Cellar/yarn/1.22.18/libexec/bin/yarn.js add Stripe

PATH: 
  /Users/solomon/.nvm/versions/node/v14.17.0/bin:/usr/local/opt/php@7.4/sbin:/usr/local/opt/php@7.4/bin:/Users/solomon/.composer/vendor/bin:/usr/local/sbin:/usr/local/opt/php@7.3/sbin:/usr/local/opt/php@7.3/bin:/usr/local/bin:/usr/bin:/bin:/usr/sbin:/sbin:/Users/solomon/.nvm/versions/node/v14.17.0/bin:/usr/local/opt/php@7.4/sbin:/usr/local/opt/php@7.4/bin:/Users/solomon/.composer/vendor/bin:/usr/local/sbin:/usr/local/opt/php@7.3/sbin:/usr/local/opt/php@7.3/bin:/Users/solomon/.fig/bin:/Users/solomon/.local/bin:/Applications/Visual Studio Code.app/Contents/Resources/app/bin:/Users/solomon/development/flutter/bin:/Applications/Visual Studio Code.app/Contents/Resources/app/bin:/Users/solomon/development/flutter/bin

Yarn version: 
  1.22.18

Node version: 
  14.17.0

Platform: 
  darwin x64

Trace: 
  Error: https://registry.npmjs.org/Stripe: Not found
      at Request.params.callback [as _callback] (/usr/local/Cellar/yarn/1.22.18/libexec/lib/cli.js:66138:18)
      at Request.self.callback (/usr/local/Cellar/yarn/1.22.18/libexec/lib/cli.js:140883:22)
      at Request.emit (events.js:376:20)
      at Request.<anonymous> (/usr/local/Cellar/yarn/1.22.18/libexec/lib/cli.js:141855:10)
      at Request.emit (events.js:376:20)
      at IncomingMessage.<anonymous> (/usr/local/Cellar/yarn/1.22.18/libexec/lib/cli.js:141777:12)
      at Object.onceWrapper (events.js:482:28)
      at IncomingMessage.emit (events.js:388:22)
      at endReadableNT (internal/streams/readable.js:1336:12)
      at processTicksAndRejections (internal/process/task_queues.js:82:21)

npm manifest: 
  No manifest

yarn manifest: 
  No manifest

Lockfile: 
  No lockfile
